2016-09-28 15:20:12,485 ERROR [Worker-32] - System.err - ParameterBuilder.class: 7 Groovy:unable to resolve class BuilderSupport
2016-09-28 15:20:12,486 ERROR [Worker-32] - System.err - ParameterBuilder.class: 50 Groovy:unable to resolve class Closure
2016-09-28 15:20:12,530 ERROR [Worker-32] - System.err - ParameterBuilderTest$_testBadFormat_closure2.class: 3 Groovy:unable to resolve class groovy.util.GroovyTestCase
2016-10-26 15:14:11,220 ERROR [Worker-12] - System.err - BaseTurtle.class: 35 Groovy:unable to resolve class org.codehaus.groovy.runtime.MetaClassHelper
2016-11-02 13:53:27,506 ERROR [Worker-2] - System.err - BaseTurtle.class: 35 Groovy:unable to resolve class org.codehaus.groovy.runtime.MetaClassHelper
2016-11-10 16:14:22,804 ERROR [Worker-32] - System.err - DiffusiblePatchVariable.class: 3 Groovy:unable to resolve class groovy.transform.Canonical
2016-11-10 16:14:22,866 ERROR [Worker-32] - System.err - UtilityG.class: 13 Groovy:unable to resolve class groovy.swing.SwingBuilder
2016-11-10 16:14:22,867 ERROR [Worker-32] - System.err - UtilityG.class: 287 Groovy:unable to resolve class Binding
2016-11-10 16:14:22,868 ERROR [Worker-32] - System.err - UtilityG.class: 288 Groovy:unable to resolve class GroovyShell
2016-11-10 16:14:22,868 ERROR [Worker-32] - System.err - UtilityG.class: 202 Groovy:Apparent variable 'Eval' was found in a static scope but doesn't refer to a local variable, static field or class. Possible causes:
2016-11-10 16:14:22,868 ERROR [Worker-32] - System.err - UtilityG.class: 515 Groovy:Apparent variable 'Eval' was found in a static scope but doesn't refer to a local variable, static field or class. Possible causes:
2016-11-10 16:14:22,897 ERROR [Worker-32] - System.err - ReLogoGlobalASTTransformation.class: 5 Groovy:unable to resolve class groovy.xml.StreamingMarkupBuilder
2016-11-10 16:14:22,897 ERROR [Worker-32] - System.err - ReLogoGlobalASTTransformation.class: 25 Groovy:unable to resolve class org.codehaus.groovy.ast.expr.ConstantExpression
2016-11-10 16:14:22,897 ERROR [Worker-32] - System.err - ReLogoGlobalASTTransformation.class: 23 Groovy:unable to resolve class org.codehaus.groovy.ast.expr.ArgumentListExpression
2016-11-10 16:14:22,898 ERROR [Worker-32] - System.err - ReLogoGlobalASTTransformation.class: 29 Groovy:unable to resolve class org.codehaus.groovy.ast.stmt.BlockStatement
2016-11-10 16:14:22,898 ERROR [Worker-32] - System.err - ReLogoGlobalASTTransformation.class: 32 Groovy:unable to resolve class org.codehaus.groovy.control.SourceUnit
2016-11-10 16:14:22,898 ERROR [Worker-32] - System.err - ReLogoGlobalASTTransformation.class: 14 Groovy:unable to resolve class org.codehaus.groovy.ast.ClassHelper
2016-11-10 16:14:22,898 ERROR [Worker-32] - System.err - ReLogoGlobalASTTransformation.class: 19 Groovy:unable to resolve class org.codehaus.groovy.ast.MethodNode
2016-11-10 16:14:22,898 ERROR [Worker-32] - System.err - ReLogoGlobalASTTransformation.class: 24 Groovy:unable to resolve class org.codehaus.groovy.ast.expr.BinaryExpression
2016-11-10 16:14:22,898 ERROR [Worker-32] - System.err - ReLogoGlobalASTTransformation.class: 28 Groovy:unable to resolve class org.codehaus.groovy.ast.expr.MethodCallExpression
2016-11-10 16:14:22,898 ERROR [Worker-32] - System.err - ReLogoGlobalASTTransformation.class: 13 Groovy:unable to resolve class org.codehaus.groovy.ast.AnnotationNode
2016-11-10 16:14:22,898 ERROR [Worker-32] - System.err - ReLogoGlobalASTTransformation.class: 15 Groovy:unable to resolve class org.codehaus.groovy.ast.ASTNode
2016-11-10 16:14:22,898 ERROR [Worker-32] - System.err - ReLogoGlobalASTTransformation.class: 4 Groovy:unable to resolve class groovy.util.slurpersupport.GPathResult
2016-11-10 16:14:22,898 ERROR [Worker-32] - System.err - ReLogoGlobalASTTransformation.class: 33 Groovy:unable to resolve class org.codehaus.groovy.transform.ASTTransformation
2016-11-10 16:14:22,898 ERROR [Worker-32] - System.err - ReLogoGlobalASTTransformation.class: 20 Groovy:unable to resolve class org.codehaus.groovy.ast.ModuleNode
2016-11-10 16:14:22,898 ERROR [Worker-32] - System.err - ReLogoGlobalASTTransformation.class: 16 Groovy:unable to resolve class org.codehaus.groovy.ast.ClassNode
2016-11-10 16:14:22,898 ERROR [Worker-32] - System.err - ReLogoGlobalASTTransformation.class: 22 Groovy:unable to resolve class org.codehaus.groovy.ast.ClassNode.MapOfLists
2016-11-10 16:14:22,899 ERROR [Worker-32] - System.err - ReLogoGlobalASTTransformation.class: 31 Groovy:unable to resolve class org.codehaus.groovy.control.CompilePhase
2016-11-10 16:14:22,899 ERROR [Worker-32] - System.err - ReLogoGlobalASTTransformation.class: 18 Groovy:unable to resolve class org.codehaus.groovy.ast.FieldNode
2016-11-10 16:14:22,899 ERROR [Worker-32] - System.err - ReLogoGlobalASTTransformation.class: 30 Groovy:unable to resolve class org.codehaus.groovy.ast.stmt.Statement
2016-11-10 16:14:22,899 ERROR [Worker-32] - System.err - ReLogoGlobalASTTransformation.class: 6 Groovy:unable to resolve class groovy.xml.XmlUtil
2016-11-10 16:14:22,899 ERROR [Worker-32] - System.err - ReLogoGlobalASTTransformation.class: 26 Groovy:unable to resolve class org.codehaus.groovy.ast.expr.DeclarationExpression
2016-11-10 16:14:22,899 ERROR [Worker-32] - System.err - ReLogoGlobalASTTransformation.class: 27 Groovy:unable to resolve class org.codehaus.groovy.ast.expr.Expression
2016-11-10 16:14:22,899 ERROR [Worker-32] - System.err - ReLogoGlobalASTTransformation.class: 21 Groovy:unable to resolve class org.codehaus.groovy.ast.Parameter
2016-11-10 16:14:22,899 ERROR [Worker-32] - System.err - ReLogoGlobalASTTransformation.class: 17 Groovy:unable to resolve class org.codehaus.groovy.ast.CompileUnit
2016-11-10 16:14:22,899 ERROR [Worker-32] - System.err - ReLogoGlobalASTTransformation.class: 34 Groovy:unable to resolve class org.codehaus.groovy.transform.GroovyASTTransformation
2016-11-10 16:14:22,899 ERROR [Worker-32] - System.err - ReLogoGlobalASTTransformation.class: 363 Groovy:unable to resolve class XmlSlurper
2016-11-10 16:14:22,899 ERROR [Worker-32] - System.err - ReLogoGlobalASTTransformation.class: 449 Groovy:unable to resolve class XmlSlurper
2016-11-10 16:14:22,946 ERROR [Worker-32] - System.err - ImageTesterG.class: 3 Groovy:unable to resolve class groovy.swing.SwingBuilder
2016-11-10 16:14:22,978 ERROR [Worker-32] - System.err - WizardUtilities.class: 3 Groovy:unable to resolve class groovy.io.FileType
2016-11-10 16:14:22,986 ERROR [Worker-32] - System.err - ReLogoReferenceCreator.class: 275 Groovy:unable to resolve class groovy.xml.MarkupBuilder
2016-11-10 16:14:32,434 ERROR [Worker-10] - System.err - DiffusiblePatchVariable.class: 3 Groovy:unable to resolve class groovy.transform.Canonical
2016-11-10 16:14:32,458 ERROR [Worker-10] - System.err - UtilityG.class: 13 Groovy:unable to resolve class groovy.swing.SwingBuilder
2016-11-10 16:14:32,458 ERROR [Worker-10] - System.err - UtilityG.class: 287 Groovy:unable to resolve class Binding
2016-11-10 16:14:32,459 ERROR [Worker-10] - System.err - UtilityG.class: 288 Groovy:unable to resolve class GroovyShell
2016-11-10 16:14:32,459 ERROR [Worker-10] - System.err - UtilityG.class: 202 Groovy:Apparent variable 'Eval' was found in a static scope but doesn't refer to a local variable, static field or class. Possible causes:
2016-11-10 16:14:32,459 ERROR [Worker-10] - System.err - UtilityG.class: 515 Groovy:Apparent variable 'Eval' was found in a static scope but doesn't refer to a local variable, static field or class. Possible causes:
2016-11-10 16:14:32,480 ERROR [Worker-10] - System.err - ReLogoGlobalASTTransformation.class: 5 Groovy:unable to resolve class groovy.xml.StreamingMarkupBuilder
2016-11-10 16:14:32,480 ERROR [Worker-10] - System.err - ReLogoGlobalASTTransformation.class: 25 Groovy:unable to resolve class org.codehaus.groovy.ast.expr.ConstantExpression
2016-11-10 16:14:32,480 ERROR [Worker-10] - System.err - ReLogoGlobalASTTransformation.class: 23 Groovy:unable to resolve class org.codehaus.groovy.ast.expr.ArgumentListExpression
2016-11-10 16:14:32,480 ERROR [Worker-10] - System.err - ReLogoGlobalASTTransformation.class: 29 Groovy:unable to resolve class org.codehaus.groovy.ast.stmt.BlockStatement
2016-11-10 16:14:32,481 ERROR [Worker-10] - System.err - ReLogoGlobalASTTransformation.class: 32 Groovy:unable to resolve class org.codehaus.groovy.control.SourceUnit
2016-11-10 16:14:32,481 ERROR [Worker-10] - System.err - ReLogoGlobalASTTransformation.class: 14 Groovy:unable to resolve class org.codehaus.groovy.ast.ClassHelper
2016-11-10 16:14:32,481 ERROR [Worker-10] - System.err - ReLogoGlobalASTTransformation.class: 19 Groovy:unable to resolve class org.codehaus.groovy.ast.MethodNode
2016-11-10 16:14:32,481 ERROR [Worker-10] - System.err - ReLogoGlobalASTTransformation.class: 24 Groovy:unable to resolve class org.codehaus.groovy.ast.expr.BinaryExpression
2016-11-10 16:14:32,481 ERROR [Worker-10] - System.err - ReLogoGlobalASTTransformation.class: 28 Groovy:unable to resolve class org.codehaus.groovy.ast.expr.MethodCallExpression
2016-11-10 16:14:32,481 ERROR [Worker-10] - System.err - ReLogoGlobalASTTransformation.class: 13 Groovy:unable to resolve class org.codehaus.groovy.ast.AnnotationNode
2016-11-10 16:14:32,481 ERROR [Worker-10] - System.err - ReLogoGlobalASTTransformation.class: 15 Groovy:unable to resolve class org.codehaus.groovy.ast.ASTNode
2016-11-10 16:14:32,481 ERROR [Worker-10] - System.err - ReLogoGlobalASTTransformation.class: 4 Groovy:unable to resolve class groovy.util.slurpersupport.GPathResult
2016-11-10 16:14:32,481 ERROR [Worker-10] - System.err - ReLogoGlobalASTTransformation.class: 33 Groovy:unable to resolve class org.codehaus.groovy.transform.ASTTransformation
2016-11-10 16:14:32,481 ERROR [Worker-10] - System.err - ReLogoGlobalASTTransformation.class: 20 Groovy:unable to resolve class org.codehaus.groovy.ast.ModuleNode
2016-11-10 16:14:32,481 ERROR [Worker-10] - System.err - ReLogoGlobalASTTransformation.class: 16 Groovy:unable to resolve class org.codehaus.groovy.ast.ClassNode
2016-11-10 16:14:32,482 ERROR [Worker-10] - System.err - ReLogoGlobalASTTransformation.class: 22 Groovy:unable to resolve class org.codehaus.groovy.ast.ClassNode.MapOfLists
2016-11-10 16:14:32,482 ERROR [Worker-10] - System.err - ReLogoGlobalASTTransformation.class: 31 Groovy:unable to resolve class org.codehaus.groovy.control.CompilePhase
2016-11-10 16:14:32,482 ERROR [Worker-10] - System.err - ReLogoGlobalASTTransformation.class: 18 Groovy:unable to resolve class org.codehaus.groovy.ast.FieldNode
2016-11-10 16:14:32,482 ERROR [Worker-10] - System.err - ReLogoGlobalASTTransformation.class: 30 Groovy:unable to resolve class org.codehaus.groovy.ast.stmt.Statement
2016-11-10 16:14:32,482 ERROR [Worker-10] - System.err - ReLogoGlobalASTTransformation.class: 6 Groovy:unable to resolve class groovy.xml.XmlUtil
2016-11-10 16:14:32,482 ERROR [Worker-10] - System.err - ReLogoGlobalASTTransformation.class: 26 Groovy:unable to resolve class org.codehaus.groovy.ast.expr.DeclarationExpression
2016-11-10 16:14:32,482 ERROR [Worker-10] - System.err - ReLogoGlobalASTTransformation.class: 27 Groovy:unable to resolve class org.codehaus.groovy.ast.expr.Expression
2016-11-10 16:14:32,482 ERROR [Worker-10] - System.err - ReLogoGlobalASTTransformation.class: 21 Groovy:unable to resolve class org.codehaus.groovy.ast.Parameter
2016-11-10 16:14:32,482 ERROR [Worker-10] - System.err - ReLogoGlobalASTTransformation.class: 17 Groovy:unable to resolve class org.codehaus.groovy.ast.CompileUnit
2016-11-10 16:14:32,482 ERROR [Worker-10] - System.err - ReLogoGlobalASTTransformation.class: 34 Groovy:unable to resolve class org.codehaus.groovy.transform.GroovyASTTransformation
2016-11-10 16:14:32,482 ERROR [Worker-10] - System.err - ReLogoGlobalASTTransformation.class: 363 Groovy:unable to resolve class XmlSlurper
2016-11-10 16:14:32,483 ERROR [Worker-10] - System.err - ReLogoGlobalASTTransformation.class: 449 Groovy:unable to resolve class XmlSlurper
2016-11-10 16:14:32,519 ERROR [Worker-10] - System.err - ImageTesterG.class: 3 Groovy:unable to resolve class groovy.swing.SwingBuilder
2016-11-10 16:14:32,550 ERROR [Worker-10] - System.err - WizardUtilities.class: 3 Groovy:unable to resolve class groovy.io.FileType
2016-11-10 16:14:32,558 ERROR [Worker-10] - System.err - ReLogoReferenceCreator.class: 275 Groovy:unable to resolve class groovy.xml.MarkupBuilder
