2020-07-28 13:48:37,568 - Velocimacro :  VM library template macro registration complete.
2020-07-28 13:48:37,568 - Velocimacro : allowInline = true : VMs can be defined inline in templates
2020-07-28 13:48:37,568 - Velocimacro : allowInlineToOverride = false : VMs defined inline may NOT replace previous VM definitions
2020-07-28 13:48:37,568 - Velocimacro : allowInlineLocal = false : VMs defined inline will be  global in scope if allowed.
2020-07-28 13:48:37,568 - Velocimacro : messages on  : VM system will output logging messages
2020-07-28 13:48:37,568 - Velocimacro : autoload off  : VM system will not automatically reload global library macros
2020-07-28 13:48:37,568 - Velocimacro : initialization complete.
2020-07-28 13:48:37,568 - Velocity successfully started.
2020-08-02 22:49:40,086 - SimpleLog4JLogSystem initialized using logfile 'velocity.log'
2020-08-02 22:49:40,086 - ************************************************************** 
2020-08-02 22:49:40,086 - Starting Jakarta Velocity v1.4
2020-08-02 22:49:40,086 - RuntimeInstance initializing.
2020-08-02 22:49:40,086 - Default Properties File: org\apache\velocity\runtime\defaults\velocity.properties
2020-08-02 22:49:40,086 - Trying to use logger class org.apache.velocity.runtime.log.SimpleLog4JLogSystem
2020-08-02 22:49:40,086 - Using logger class org.apache.velocity.runtime.log.SimpleLog4JLogSystem
2020-08-02 22:49:40,089 - Default ResourceManager initializing. (class org.apache.velocity.runtime.resource.ResourceManagerImpl)
2020-08-02 22:49:40,092 - Resource Loader Instantiated: org.apache.velocity.runtime.resource.loader.ClasspathResourceLoader
2020-08-02 22:49:40,092 - ClasspathResourceLoader : initialization starting.
2020-08-02 22:49:40,092 - ClasspathResourceLoader : initialization complete.
2020-08-02 22:49:40,093 - ResourceCache : initialized. (class org.apache.velocity.runtime.resource.ResourceCacheImpl)
2020-08-02 22:49:40,093 - Default ResourceManager initialization complete.
2020-08-02 22:49:40,096 - Loaded System Directive: org.apache.velocity.runtime.directive.Literal
2020-08-02 22:49:40,097 - Loaded System Directive: org.apache.velocity.runtime.directive.Macro
2020-08-02 22:49:40,100 - Loaded System Directive: org.apache.velocity.runtime.directive.Parse
2020-08-02 22:49:40,102 - Loaded System Directive: org.apache.velocity.runtime.directive.Include
2020-08-02 22:49:40,102 - Loaded System Directive: org.apache.velocity.runtime.directive.Foreach
2020-08-02 22:49:40,123 - Created: 20 parsers.
2020-08-02 22:49:40,130 - Velocimacro : initialization starting.
2020-08-02 22:49:40,130 - Velocimacro : adding VMs from VM library template : VM_global_library.vm
2020-08-02 22:49:40,137 - ResourceManager : unable to find resource 'VM_global_library.vm' in any resource loader.
2020-08-02 22:49:40,137 - Velocimacro : error using  VM library template VM_global_library.vm : org.apache.velocity.exception.ResourceNotFoundException: Unable to find resource 'VM_global_library.vm'
2020-08-02 22:49:40,137 - Velocimacro :  VM library template macro registration complete.
2020-08-02 22:49:40,137 - Velocimacro : allowInline = true : VMs can be defined inline in templates
2020-08-02 22:49:40,137 - Velocimacro : allowInlineToOverride = false : VMs defined inline may NOT replace previous VM definitions
2020-08-02 22:49:40,137 - Velocimacro : allowInlineLocal = false : VMs defined inline will be  global in scope if allowed.
2020-08-02 22:49:40,137 - Velocimacro : messages on  : VM system will output logging messages
2020-08-02 22:49:40,137 - Velocimacro : autoload off  : VM system will not automatically reload global library macros
2020-08-02 22:49:40,137 - Velocimacro : initialization complete.
2020-08-02 22:49:40,137 - Velocity successfully started.
2020-08-02 23:11:38,828 - SimpleLog4JLogSystem initialized using logfile 'velocity.log'
2020-08-02 23:11:38,828 - ************************************************************** 
2020-08-02 23:11:38,828 - Starting Jakarta Velocity v1.4
2020-08-02 23:11:38,828 - RuntimeInstance initializing.
2020-08-02 23:11:38,828 - Default Properties File: org\apache\velocity\runtime\defaults\velocity.properties
2020-08-02 23:11:38,828 - Trying to use logger class org.apache.velocity.runtime.log.SimpleLog4JLogSystem
2020-08-02 23:11:38,828 - Using logger class org.apache.velocity.runtime.log.SimpleLog4JLogSystem
2020-08-02 23:11:38,830 - Default ResourceManager initializing. (class org.apache.velocity.runtime.resource.ResourceManagerImpl)
2020-08-02 23:11:38,832 - Resource Loader Instantiated: org.apache.velocity.runtime.resource.loader.ClasspathResourceLoader
2020-08-02 23:11:38,832 - ClasspathResourceLoader : initialization starting.
2020-08-02 23:11:38,832 - ClasspathResourceLoader : initialization complete.
2020-08-02 23:11:38,833 - ResourceCache : initialized. (class org.apache.velocity.runtime.resource.ResourceCacheImpl)
2020-08-02 23:11:38,833 - Default ResourceManager initialization complete.
2020-08-02 23:11:38,836 - Loaded System Directive: org.apache.velocity.runtime.directive.Literal
2020-08-02 23:11:38,837 - Loaded System Directive: org.apache.velocity.runtime.directive.Macro
2020-08-02 23:11:38,838 - Loaded System Directive: org.apache.velocity.runtime.directive.Parse
2020-08-02 23:11:38,840 - Loaded System Directive: org.apache.velocity.runtime.directive.Include
2020-08-02 23:11:38,840 - Loaded System Directive: org.apache.velocity.runtime.directive.Foreach
2020-08-02 23:11:38,858 - Created: 20 parsers.
2020-08-02 23:11:38,863 - Velocimacro : initialization starting.
2020-08-02 23:11:38,863 - Velocimacro : adding VMs from VM library template : VM_global_library.vm
2020-08-02 23:11:38,871 - ResourceManager : unable to find resource 'VM_global_library.vm' in any resource loader.
2020-08-02 23:11:38,871 - Velocimacro : error using  VM library template VM_global_library.vm : org.apache.velocity.exception.ResourceNotFoundException: Unable to find resource 'VM_global_library.vm'
2020-08-02 23:11:38,871 - Velocimacro :  VM library template macro registration complete.
2020-08-02 23:11:38,871 - Velocimacro : allowInline = true : VMs can be defined inline in templates
2020-08-02 23:11:38,871 - Velocimacro : allowInlineToOverride = false : VMs defined inline may NOT replace previous VM definitions
2020-08-02 23:11:38,871 - Velocimacro : allowInlineLocal = false : VMs defined inline will be  global in scope if allowed.
2020-08-02 23:11:38,871 - Velocimacro : messages on  : VM system will output logging messages
2020-08-02 23:11:38,871 - Velocimacro : autoload off  : VM system will not automatically reload global library macros
2020-08-02 23:11:38,871 - Velocimacro : initialization complete.
2020-08-02 23:11:38,871 - Velocity successfully started.
2020-08-02 23:13:18,083 - SimpleLog4JLogSystem initialized using logfile 'velocity.log'
2020-08-02 23:13:18,083 - ************************************************************** 
2020-08-02 23:13:18,083 - Starting Jakarta Velocity v1.4
2020-08-02 23:13:18,083 - RuntimeInstance initializing.
2020-08-02 23:13:18,083 - Default Properties File: org\apache\velocity\runtime\defaults\velocity.properties
2020-08-02 23:13:18,083 - Trying to use logger class org.apache.velocity.runtime.log.SimpleLog4JLogSystem
2020-08-02 23:13:18,083 - Using logger class org.apache.velocity.runtime.log.SimpleLog4JLogSystem
2020-08-02 23:13:18,086 - Default ResourceManager initializing. (class org.apache.velocity.runtime.resource.ResourceManagerImpl)
2020-08-02 23:13:18,088 - Resource Loader Instantiated: org.apache.velocity.runtime.resource.loader.ClasspathResourceLoader
2020-08-02 23:13:18,088 - ClasspathResourceLoader : initialization starting.
2020-08-02 23:13:18,088 - ClasspathResourceLoader : initialization complete.
2020-08-02 23:13:18,089 - ResourceCache : initialized. (class org.apache.velocity.runtime.resource.ResourceCacheImpl)
2020-08-02 23:13:18,089 - Default ResourceManager initialization complete.
2020-08-02 23:13:18,092 - Loaded System Directive: org.apache.velocity.runtime.directive.Literal
2020-08-02 23:13:18,093 - Loaded System Directive: org.apache.velocity.runtime.directive.Macro
2020-08-02 23:13:18,095 - Loaded System Directive: org.apache.velocity.runtime.directive.Parse
2020-08-02 23:13:18,096 - Loaded System Directive: org.apache.velocity.runtime.directive.Include
2020-08-02 23:13:18,096 - Loaded System Directive: org.apache.velocity.runtime.directive.Foreach
2020-08-02 23:13:18,115 - Created: 20 parsers.
2020-08-02 23:13:18,121 - Velocimacro : initialization starting.
2020-08-02 23:13:18,121 - Velocimacro : adding VMs from VM library template : VM_global_library.vm
2020-08-02 23:13:18,127 - ResourceManager : unable to find resource 'VM_global_library.vm' in any resource loader.
2020-08-02 23:13:18,127 - Velocimacro : error using  VM library template VM_global_library.vm : org.apache.velocity.exception.ResourceNotFoundException: Unable to find resource 'VM_global_library.vm'
2020-08-02 23:13:18,127 - Velocimacro :  VM library template macro registration complete.
2020-08-02 23:13:18,127 - Velocimacro : allowInline = true : VMs can be defined inline in templates
2020-08-02 23:13:18,127 - Velocimacro : allowInlineToOverride = false : VMs defined inline may NOT replace previous VM definitions
2020-08-02 23:13:18,127 - Velocimacro : allowInlineLocal = false : VMs defined inline will be  global in scope if allowed.
2020-08-02 23:13:18,127 - Velocimacro : messages on  : VM system will output logging messages
2020-08-02 23:13:18,127 - Velocimacro : autoload off  : VM system will not automatically reload global library macros
2020-08-02 23:13:18,127 - Velocimacro : initialization complete.
2020-08-02 23:13:18,127 - Velocity successfully started.
2020-08-03 02:38:28,327 - SimpleLog4JLogSystem initialized using logfile 'velocity.log'
2020-08-03 02:38:28,327 - ************************************************************** 
2020-08-03 02:38:28,327 - Starting Jakarta Velocity v1.4
2020-08-03 02:38:28,327 - RuntimeInstance initializing.
2020-08-03 02:38:28,327 - Default Properties File: org\apache\velocity\runtime\defaults\velocity.properties
2020-08-03 02:38:28,327 - Trying to use logger class org.apache.velocity.runtime.log.SimpleLog4JLogSystem
2020-08-03 02:38:28,327 - Using logger class org.apache.velocity.runtime.log.SimpleLog4JLogSystem
2020-08-03 02:38:28,329 - Default ResourceManager initializing. (class org.apache.velocity.runtime.resource.ResourceManagerImpl)
2020-08-03 02:38:28,331 - Resource Loader Instantiated: org.apache.velocity.runtime.resource.loader.ClasspathResourceLoader
2020-08-03 02:38:28,331 - ClasspathResourceLoader : initialization starting.
2020-08-03 02:38:28,331 - ClasspathResourceLoader : initialization complete.
2020-08-03 02:38:28,332 - ResourceCache : initialized. (class org.apache.velocity.runtime.resource.ResourceCacheImpl)
2020-08-03 02:38:28,332 - Default ResourceManager initialization complete.
2020-08-03 02:38:28,335 - Loaded System Directive: org.apache.velocity.runtime.directive.Literal
2020-08-03 02:38:28,336 - Loaded System Directive: org.apache.velocity.runtime.directive.Macro
2020-08-03 02:38:28,338 - Loaded System Directive: org.apache.velocity.runtime.directive.Parse
2020-08-03 02:38:28,339 - Loaded System Directive: org.apache.velocity.runtime.directive.Include
2020-08-03 02:38:28,339 - Loaded System Directive: org.apache.velocity.runtime.directive.Foreach
2020-08-03 02:38:28,358 - Created: 20 parsers.
2020-08-03 02:38:28,362 - Velocimacro : initialization starting.
2020-08-03 02:38:28,362 - Velocimacro : adding VMs from VM library template : VM_global_library.vm
2020-08-03 02:38:28,369 - ResourceManager : unable to find resource 'VM_global_library.vm' in any resource loader.
2020-08-03 02:38:28,369 - Velocimacro : error using  VM library template VM_global_library.vm : org.apache.velocity.exception.ResourceNotFoundException: Unable to find resource 'VM_global_library.vm'
2020-08-03 02:38:28,369 - Velocimacro :  VM library template macro registration complete.
2020-08-03 02:38:28,369 - Velocimacro : allowInline = true : VMs can be defined inline in templates
2020-08-03 02:38:28,369 - Velocimacro : allowInlineToOverride = false : VMs defined inline may NOT replace previous VM definitions
2020-08-03 02:38:28,369 - Velocimacro : allowInlineLocal = false : VMs defined inline will be  global in scope if allowed.
2020-08-03 02:38:28,369 - Velocimacro : messages on  : VM system will output logging messages
2020-08-03 02:38:28,369 - Velocimacro : autoload off  : VM system will not automatically reload global library macros
2020-08-03 02:38:28,369 - Velocimacro : initialization complete.
2020-08-03 02:38:28,369 - Velocity successfully started.
2020-08-03 17:13:02,045 - SimpleLog4JLogSystem initialized using logfile 'velocity.log'
2020-08-03 17:13:02,046 - ************************************************************** 
2020-08-03 17:13:02,046 - Starting Jakarta Velocity v1.4
2020-08-03 17:13:02,046 - RuntimeInstance initializing.
2020-08-03 17:13:02,046 - Default Properties File: org\apache\velocity\runtime\defaults\velocity.properties
2020-08-03 17:13:02,046 - Trying to use logger class org.apache.velocity.runtime.log.SimpleLog4JLogSystem
2020-08-03 17:13:02,046 - Using logger class org.apache.velocity.runtime.log.SimpleLog4JLogSystem
2020-08-03 17:13:02,047 - Default ResourceManager initializing. (class org.apache.velocity.runtime.resource.ResourceManagerImpl)
2020-08-03 17:13:02,048 - Resource Loader Instantiated: org.apache.velocity.runtime.resource.loader.ClasspathResourceLoader
2020-08-03 17:13:02,048 - ClasspathResourceLoader : initialization starting.
2020-08-03 17:13:02,049 - ClasspathResourceLoader : initialization complete.
2020-08-03 17:13:02,049 - ResourceCache : initialized. (class org.apache.velocity.runtime.resource.ResourceCacheImpl)
2020-08-03 17:13:02,049 - Default ResourceManager initialization complete.
2020-08-03 17:13:02,052 - Loaded System Directive: org.apache.velocity.runtime.directive.Literal
2020-08-03 17:13:02,053 - Loaded System Directive: org.apache.velocity.runtime.directive.Macro
2020-08-03 17:13:02,054 - Loaded System Directive: org.apache.velocity.runtime.directive.Parse
2020-08-03 17:13:02,055 - Loaded System Directive: org.apache.velocity.runtime.directive.Include
2020-08-03 17:13:02,056 - Loaded System Directive: org.apache.velocity.runtime.directive.Foreach
2020-08-03 17:13:02,071 - Created: 20 parsers.
2020-08-03 17:13:02,076 - Velocimacro : initialization starting.
2020-08-03 17:13:02,076 - Velocimacro : adding VMs from VM library template : VM_global_library.vm
2020-08-03 17:13:02,082 - ResourceManager : unable to find resource 'VM_global_library.vm' in any resource loader.
2020-08-03 17:13:02,082 - Velocimacro : error using  VM library template VM_global_library.vm : org.apache.velocity.exception.ResourceNotFoundException: Unable to find resource 'VM_global_library.vm'
2020-08-03 17:13:02,082 - Velocimacro :  VM library template macro registration complete.
2020-08-03 17:13:02,082 - Velocimacro : allowInline = true : VMs can be defined inline in templates
2020-08-03 17:13:02,082 - Velocimacro : allowInlineToOverride = false : VMs defined inline may NOT replace previous VM definitions
2020-08-03 17:13:02,082 - Velocimacro : allowInlineLocal = false : VMs defined inline will be  global in scope if allowed.
2020-08-03 17:13:02,082 - Velocimacro : messages on  : VM system will output logging messages
2020-08-03 17:13:02,082 - Velocimacro : autoload off  : VM system will not automatically reload global library macros
2020-08-03 17:13:02,082 - Velocimacro : initialization complete.
2020-08-03 17:13:02,082 - Velocity successfully started.
2020-08-03 17:13:11,419 - SimpleLog4JLogSystem initialized using logfile 'velocity.log'
2020-08-03 17:13:11,420 - ************************************************************** 
2020-08-03 17:13:11,420 - Starting Jakarta Velocity v1.4
2020-08-03 17:13:11,420 - RuntimeInstance initializing.
2020-08-03 17:13:11,420 - Default Properties File: org\apache\velocity\runtime\defaults\velocity.properties
2020-08-03 17:13:11,420 - Trying to use logger class org.apache.velocity.runtime.log.SimpleLog4JLogSystem
2020-08-03 17:13:11,420 - Using logger class org.apache.velocity.runtime.log.SimpleLog4JLogSystem
2020-08-03 17:13:11,422 - Default ResourceManager initializing. (class org.apache.velocity.runtime.resource.ResourceManagerImpl)
2020-08-03 17:13:11,423 - Resource Loader Instantiated: org.apache.velocity.runtime.resource.loader.ClasspathResourceLoader
2020-08-03 17:13:11,423 - ClasspathResourceLoader : initialization starting.
2020-08-03 17:13:11,423 - ClasspathResourceLoader : initialization complete.
2020-08-03 17:13:11,424 - ResourceCache : initialized. (class org.apache.velocity.runtime.resource.ResourceCacheImpl)
2020-08-03 17:13:11,424 - Default ResourceManager initialization complete.
2020-08-03 17:13:11,426 - Loaded System Directive: org.apache.velocity.runtime.directive.Literal
2020-08-03 17:13:11,428 - Loaded System Directive: org.apache.velocity.runtime.directive.Macro
2020-08-03 17:13:11,429 - Loaded System Directive: org.apache.velocity.runtime.directive.Parse
2020-08-03 17:13:11,430 - Loaded System Directive: org.apache.velocity.runtime.directive.Include
2020-08-03 17:13:11,431 - Loaded System Directive: org.apache.velocity.runtime.directive.Foreach
2020-08-03 17:13:11,447 - Created: 20 parsers.
2020-08-03 17:13:11,451 - Velocimacro : initialization starting.
2020-08-03 17:13:11,451 - Velocimacro : adding VMs from VM library template : VM_global_library.vm
2020-08-03 17:13:11,458 - ResourceManager : unable to find resource 'VM_global_library.vm' in any resource loader.
2020-08-03 17:13:11,458 - Velocimacro : error using  VM library template VM_global_library.vm : org.apache.velocity.exception.ResourceNotFoundException: Unable to find resource 'VM_global_library.vm'
2020-08-03 17:13:11,458 - Velocimacro :  VM library template macro registration complete.
2020-08-03 17:13:11,458 - Velocimacro : allowInline = true : VMs can be defined inline in templates
2020-08-03 17:13:11,458 - Velocimacro : allowInlineToOverride = false : VMs defined inline may NOT replace previous VM definitions
2020-08-03 17:13:11,458 - Velocimacro : allowInlineLocal = false : VMs defined inline will be  global in scope if allowed.
2020-08-03 17:13:11,458 - Velocimacro : messages on  : VM system will output logging messages
2020-08-03 17:13:11,458 - Velocimacro : autoload off  : VM system will not automatically reload global library macros
2020-08-03 17:13:11,458 - Velocimacro : initialization complete.
2020-08-03 17:13:11,458 - Velocity successfully started.
2020-08-03 17:16:40,629 - SimpleLog4JLogSystem initialized using logfile 'velocity.log'
2020-08-03 17:16:40,630 - ************************************************************** 
2020-08-03 17:16:40,630 - Starting Jakarta Velocity v1.4
2020-08-03 17:16:40,630 - RuntimeInstance initializing.
2020-08-03 17:16:40,630 - Default Properties File: org\apache\velocity\runtime\defaults\velocity.properties
2020-08-03 17:16:40,630 - Trying to use logger class org.apache.velocity.runtime.log.SimpleLog4JLogSystem
2020-08-03 17:16:40,630 - Using logger class org.apache.velocity.runtime.log.SimpleLog4JLogSystem
2020-08-03 17:16:40,631 - Default ResourceManager initializing. (class org.apache.velocity.runtime.resource.ResourceManagerImpl)
2020-08-03 17:16:40,633 - Resource Loader Instantiated: org.apache.velocity.runtime.resource.loader.ClasspathResourceLoader
2020-08-03 17:16:40,633 - ClasspathResourceLoader : initialization starting.
2020-08-03 17:16:40,633 - ClasspathResourceLoader : initialization complete.
2020-08-03 17:16:40,634 - ResourceCache : initialized. (class org.apache.velocity.runtime.resource.ResourceCacheImpl)
2020-08-03 17:16:40,634 - Default ResourceManager initialization complete.
2020-08-03 17:16:40,636 - Loaded System Directive: org.apache.velocity.runtime.directive.Literal
2020-08-03 17:16:40,637 - Loaded System Directive: org.apache.velocity.runtime.directive.Macro
2020-08-03 17:16:40,639 - Loaded System Directive: org.apache.velocity.runtime.directive.Parse
2020-08-03 17:16:40,640 - Loaded System Directive: org.apache.velocity.runtime.directive.Include
2020-08-03 17:16:40,640 - Loaded System Directive: org.apache.velocity.runtime.directive.Foreach
2020-08-03 17:16:40,657 - Created: 20 parsers.
2020-08-03 17:16:40,661 - Velocimacro : initialization starting.
2020-08-03 17:16:40,661 - Velocimacro : adding VMs from VM library template : VM_global_library.vm
2020-08-03 17:16:40,667 - ResourceManager : unable to find resource 'VM_global_library.vm' in any resource loader.
2020-08-03 17:16:40,667 - Velocimacro : error using  VM library template VM_global_library.vm : org.apache.velocity.exception.ResourceNotFoundException: Unable to find resource 'VM_global_library.vm'
2020-08-03 17:16:40,667 - Velocimacro :  VM library template macro registration complete.
2020-08-03 17:16:40,667 - Velocimacro : allowInline = true : VMs can be defined inline in templates
2020-08-03 17:16:40,667 - Velocimacro : allowInlineToOverride = false : VMs defined inline may NOT replace previous VM definitions
2020-08-03 17:16:40,667 - Velocimacro : allowInlineLocal = false : VMs defined inline will be  global in scope if allowed.
2020-08-03 17:16:40,667 - Velocimacro : messages on  : VM system will output logging messages
2020-08-03 17:16:40,667 - Velocimacro : autoload off  : VM system will not automatically reload global library macros
2020-08-03 17:16:40,667 - Velocimacro : initialization complete.
2020-08-03 17:16:40,667 - Velocity successfully started.
